<?xml version="1.0" encoding="UTF-8"?>
<!-- Generated by org.testng.reporters.JUnitReportReporter -->
<testsuite skipped="0" hostname="virus-alert" name="com.MavenTest.MavenTestNGSample.ReadingTestData" tests="1" failures="0" timestamp="28 Jan 2019 09:46:00 GMT" time="4.033" errors="0">
  <testcase name="initApachePOI" time="4.033" classname="com.MavenTest.MavenTestNGSample.ReadingTestData"/>
</testsuite> <!-- com.MavenTest.MavenTestNGSample.ReadingTestData -->
