<?xml version="1.0" encoding="UTF-8"?>
<!-- Generated by org.testng.reporters.JUnitReportReporter -->
<testsuite skipped="0" hostname="virus-alert" name="com.MavenTest.MavenTestNGSample.AppTest" tests="1" failures="0" timestamp="16 Jan 2019 05:49:16 GMT" time="18.172" errors="0">
  <testcase name="test" time="18.172" classname="com.MavenTest.MavenTestNGSample.AppTest"/>
</testsuite> <!-- com.MavenTest.MavenTestNGSample.AppTest -->
